This is pdfeTeX, Version 3.141592-1.21a-2.2 (Web2C 7.5.4) (format=latex 2007.2.2)  4 MAY 2007 19:24
entering extended mode
**./images.tex
(./images.tex
LaTeX2e <2003/12/01>
Babel <v3.8d> and hyphenation patterns for american, french, german, ngerman, b
ahasa, basque, bulgarian, catalan, croatian, czech, danish, dutch, esperanto, e
stonian, finnish, greek, icelandic, irish, italian, latin, magyar, norsk, polis
h, portuges, romanian, russian, serbian, slovak, slovene, spanish, swedish, tur
kish, ukrainian, nohyphenation, loaded.

(/sw/share/texmf-dist/tex/latex/base/article.cls
Document Class: article 2004/02/16 v1.4f Standard LaTeX document class
(/sw/share/texmf-dist/tex/latex/base/size10.clo
File: size10.clo 2004/02/16 v1.4f Standard LaTeX file (size option)
)
\c@part=\count79
\c@section=\count80
\c@subsection=\count81
\c@subsubsection=\count82
\c@paragraph=\count83
\c@subparagraph=\count84
\c@figure=\count85
\c@table=\count86
\abovecaptionskip=\skip41
\belowcaptionskip=\skip42
\bibindent=\dimen102
) (/sw/share/texmf-dist/tex/latex/base/ifthen.sty
Package: ifthen 2001/05/26 v1.1c Standard LaTeX ifthen package (DPC)
) (/Users/kawahara/Documents/STRAIGHTdocs/minimumSTRAIGHT/html.sty (/sw/share/t
exmf-dist/tex/latex/hyperref/hyperref.sty
Package: hyperref 2003/11/30 v6.74m Hypertext links for LaTeX
(/sw/share/texmf-dist/tex/latex/graphics/keyval.sty
Package: keyval 1999/03/16 v1.13 key=value parser (DPC)
\KV@toks@=\toks14
)
\@linkdim=\dimen103
\Hy@linkcounter=\count87
\Hy@pagecounter=\count88
(/sw/share/texmf-dist/tex/latex/hyperref/pd1enc.def
File: pd1enc.def 2003/11/30 v6.74m Hyperref: PDFDocEncoding definition (HO)
) (/sw/share/texmf-dist/tex/latex/hyperref/hyperref.cfg
File: hyperref.cfg 2002/06/06 v1.2 hyperref configuration of TeXLive and teTeX
)
Package hyperref Info: Hyper figures OFF on input line 1880.
Package hyperref Info: Link nesting OFF on input line 1885.
Package hyperref Info: Hyper index ON on input line 1888.
Package hyperref Info: Plain pages ON on input line 1893.
Package hyperref Info: Backreferencing OFF on input line 1900.
Implicit mode ON; LaTeX internals redefined
Package hyperref Info: Bookmarks ON on input line 2004.
(/Users/kawahara/Library/texmf/tex/latex/html/url.sty
Package: url 1999/03/02  ver 1.4  Verb mode for urls, email addresses, and file
 names
)
LaTeX Info: Redefining \url on input line 2143.
\Fld@menulength=\count89
\Field@Width=\dimen104
\Fld@charsize=\dimen105
\Choice@toks=\toks15
\Field@toks=\toks16
Package hyperref Info: Hyper figures OFF on input line 2618.
Package hyperref Info: Link nesting OFF on input line 2623.
Package hyperref Info: Hyper index ON on input line 2626.
Package hyperref Info: backreferencing OFF on input line 2633.
Package hyperref Info: Link coloring OFF on input line 2638.
\c@Item=\count90
\c@Hfootnote=\count91
)
*hyperref using default driver hdvips*
(/sw/share/texmf-dist/tex/latex/hyperref/hdvips.def
File: hdvips.def 2003/11/30 v6.74m Hyperref driver for dvips
(/sw/share/texmf-dist/tex/latex/hyperref/pdfmark.def
File: pdfmark.def 2003/11/30 v6.74m Hyperref definitions for pdfmark specials
\pdf@docset=\toks17
\pdf@box=\box26
\pdf@toks=\toks18
\pdf@defaulttoks=\toks19
\Fld@listcount=\count92
\@outlinefile=\write3
))
Package: html 1999/07/19 v1.38 hypertext commands for latex2html (nd, hws, rrm)

\c@lpart=\count93
\c@lchapter=\count94
\c@chapter=\count95
\c@lsection=\count96
\c@lsubsection=\count97
\c@lsubsubsection=\count98
\c@lparagraph=\count99
\c@lsubparagraph=\count100
\c@lsubsubparagraph=\count101
\ptrfile=\write4
) (/Users/kawahara/Documents/STRAIGHTdocs/minimumSTRAIGHT/htmllist.sty) (/Users
/kawahara/Documents/STRAIGHTdocs/minimumSTRAIGHT/psbox.sty
PSBOX by Remko Scharroo, v1.2
\psfilein=\read1
\psxsize=\dimen106
\psysize=\dimen107
\pshsize=\dimen108
\psvsize=\dimen109
\pstmp=\dimen110
\psrwi=\dimen111
\psrhi=\dimen112
\pspoints=\dimen113
) (/sw/share/texmf-dist/tex/latex/tools/xspace.sty
Package: xspace 1997/10/13 v1.06 Space after command names (DPC)
) (/sw/share/texmf-dist/tex/latex/tools/verbatim.sty
Package: verbatim 2003/08/22 v1.5q LaTeX2e package for verbatim enhancements
\every@verbatim=\toks20
\verbatim@line=\toks21
\verbatim@in@stream=\read2
) (/sw/share/texmf-dist/tex/generic/babel/babel.sty
Package: babel 2004/11/20 v3.8d The Babel package
(/sw/share/texmf-dist/tex/generic/babel/germanb.ldf
Language: germanb 2004/02/19 v2.6k German support from the babel system
(/sw/share/texmf-dist/tex/generic/babel/babel.def
File: babel.def 2004/11/20 v3.8d Babel common definitions
\babel@savecnt=\count102
\U@D=\dimen114
)
\l@austrian = a dialect from \language\l@german 
Package babel Info: Making " an active character on input line 91.
) (/sw/share/texmf-dist/tex/generic/babel/english.ldf
Language: english 2004/06/14 v3.3o English support from the babel system
\l@british = a dialect from \language\l@english 
\l@UKenglish = a dialect from \language\l@english 
\l@canadian = a dialect from \language\l@american 
\l@australian = a dialect from \language\l@british 
\l@newzealand = a dialect from \language\l@british 
))
\@indexfile=\write5
\openout5 = `images.idx'.

Writing index file images.idx
! Missing control sequence inserted.
<inserted text> 
                \inaccessible 
l.35 \renewcommand *{*}{\back{}}
                                
Please don't say `\def cs{...}', say `\def\cs{...}'.
I've inserted an inaccessible control sequence so that your
definition will be completed without mixing me up too badly.
You can recover graciously from this error, if you're
careful; see exercise 27.2 in The TeXbook.

(/sw/share/texmf-dist/tex/latex/graphics/color.sty
Package: color 1999/02/16 v1.0i Standard LaTeX Color (DPC)
(/sw/share/texmf-dist/tex/latex/graphics/color.cfg
File: color.cfg 2005/02/03 v1.3 color configuration of teTeX/TeXLive
)
Package color Info: Driver file: dvips.def on input line 125.
(/sw/share/texmf-dist/tex/latex/graphics/dvips.def
File: dvips.def 1999/02/16 v3.0i Driver-dependant file (DPC,SPQR)
) (/sw/share/texmf-dist/tex/latex/graphics/dvipsnam.def
File: dvipsnam.def 1999/02/16 v3.0i Driver-dependant file (DPC,SPQR)
)) (/sw/share/texmf-dist/tex/latex/base/inputenc.sty
Package: inputenc 2004/02/05 v1.0d Input encoding file
(/sw/share/texmf-dist/tex/latex/base/latin1.def
File: latin1.def 2004/02/05 v1.0d Input encoding file
))
\sizebox=\box27
\lthtmlwrite=\write6
(./images.aux)
\openout1 = `images.aux'.

LaTeX Font Info:    Checking defaults for OML/cmm/m/it on input line 154.
LaTeX Font Info:    ... okay on input line 154.
LaTeX Font Info:    Checking defaults for T1/cmr/m/n on input line 154.
LaTeX Font Info:    ... okay on input line 154.
LaTeX Font Info:    Checking defaults for OT1/cmr/m/n on input line 154.
LaTeX Font Info:    ... okay on input line 154.
LaTeX Font Info:    Checking defaults for OMS/cmsy/m/n on input line 154.
LaTeX Font Info:    ... okay on input line 154.
LaTeX Font Info:    Checking defaults for OMX/cmex/m/n on input line 154.
LaTeX Font Info:    ... okay on input line 154.
LaTeX Font Info:    Checking defaults for U/cmr/m/n on input line 154.
LaTeX Font Info:    ... okay on input line 154.
LaTeX Font Info:    Checking defaults for PD1/pdf/m/n on input line 154.
LaTeX Font Info:    ... okay on input line 154.
Package hyperref Info: Link coloring OFF on input line 154.
(/sw/share/texmf-dist/tex/latex/hyperref/nameref.sty
Package: nameref 2003/12/03 v2.21 Cross-referencing by name of section
\c@section@level=\count103
)
LaTeX Info: Redefining \ref on input line 154.
LaTeX Info: Redefining \pageref on input line 154.
(./images.out) (./images.out)
\openout3 = `images.out'.


latex2htmlLength hsize=451.0pt

latex2htmlLength vsize=554.0pt

latex2htmlLength hoffset=0.0pt

latex2htmlLength voffset=0.0pt

latex2htmlLength topmargin=0.0pt

latex2htmlLength topskip=0.00003pt

latex2htmlLength headheight=0.0pt

latex2htmlLength headsep=0.0pt

latex2htmlLength parskip=0.0pt plus 1.0pt

latex2htmlLength oddsidemargin=-14.22636pt

latex2htmlLength evensidemargin=-14.22636pt

l2hSize :figure106:276.85141pt::0.0pt::451.0pt.
[1



]
l2hSize :figure113:241.32076pt::0.0pt::451.0pt.
[2


]
l2hSize :figure149:515.3778pt::0.0pt::451.0pt.
[3


]
l2hSize :figure176:310.64226pt::0.0pt::451.0pt.
[4


]
l2hSize :figure183:281.36269pt::0.0pt::451.0pt.
[5


]
l2hSize :figure191:309.8978pt::0.0pt::451.0pt.
[6


]
l2hSize :figure198:281.36269pt::0.0pt::451.0pt.
[7


]
l2hSize :figure206:309.8978pt::0.0pt::451.0pt.
[8


]
l2hSize :figure213:281.36269pt::0.0pt::451.0pt.
[9


]
l2hSize :figure221:309.8978pt::0.0pt::451.0pt.
[10


]
l2hSize :figure228:281.36269pt::0.0pt::451.0pt.
[11


]
l2hSize :figure239:309.8978pt::0.0pt::451.0pt.
[12


]
l2hSize :figure246:281.36269pt::0.0pt::451.0pt.
[13


]
l2hSize :figure256:309.8978pt::0.0pt::451.0pt.
[14


]
l2hSize :figure263:281.36269pt::0.0pt::451.0pt.
[15


]
l2hSize :figure271:309.8978pt::0.0pt::451.0pt.
[16


]
l2hSize :figure278:281.36269pt::0.0pt::451.0pt.
[17


]
LaTeX Font Info:    External font `cmex10' loaded for size
(Font)              <7> on input line 372.
LaTeX Font Info:    External font `cmex10' loaded for size
(Font)              <5> on input line 372.
l2hSize :tex2html_wrap_inline365:7.44444pt::7.44444pt::11.05562pt.
[18


]
l2hSize :figure319:266.07472pt::0.0pt::451.0pt.
[19


]
l2hSize :figure326:266.07478pt::0.0pt::451.0pt.
[20


]
l2hSize :figure337:268.09106pt::0.0pt::451.0pt.
[21


]
l2hSize :figure344:266.07478pt::0.0pt::451.0pt.
[22


] (./images.aux) ) 
Here is how much of TeX's memory you used:
 3047 strings out of 94501
 41214 string characters out of 1176138
 95580 words of memory out of 1000000
 6197 multiletter control sequences out of 10000+50000
 3640 words of font info for 14 fonts, out of 500000 for 2000
 580 hyphenation exceptions out of 1000
 32i,6n,24p,222b,256s stack positions out of 1500i,500n,5000p,200000b,5000s

Output written on images.dvi (22 pages, 17872 bytes).
